<?xml version="1.0" encoding="UTF-8"?>
<!-- Generated by org.testng.reporters.JUnitXMLReporter -->
<testsuite ignored="1" hostname="dell" failures="0" tests="2" name="testng" time="0.047" errors="0" timestamp="2024-09-16T20:37:43 IST">
  <testcase classname="Testng.TestAnnotations" name="test1" time="0.017"/>
  <testcase classname="Testng.TestAnnotations" name="test3" time="0.002"/>
  <testcase classname="Testng.TestAnnotations" name="test2" time="0.0">
    <ignored/>
  </testcase> <!-- test2 -->
</testsuite> <!-- testng -->
